<?xml version="1.0" encoding="UTF-8"?>
<!-- Generated by org.testng.reporters.JUnitReportReporter -->
<testsuite hostname="inlen8520027919" failures="0" tests="2" name="files.DynamicJson" time="1.683" errors="0" timestamp="2023-02-02T12:16:22 IST" skipped="0">
  <testcase classname="files.DynamicJson" name="addBook" time="0.154"/>
  <system-out/>
  <testcase classname="files.DynamicJson" name="addBook" time="1.529"/>
  <system-out/>
</testsuite> <!-- files.DynamicJson -->
